[23-Jan-2021 14:59:06 Asia/Tokyo] debug：「「「「「「「「「「「「「「「「「「「「「「「「「「「「「「「「「「「「「「「「
[23-Jan-2021 14:59:06 Asia/Tokyo] debug：「 my page　
[23-Jan-2021 14:59:06 Asia/Tokyo] debug：「「「「「「「「「「「「「「「「「「「「「「「「「「「「「「「「「「「「「「「「
[23-Jan-2021 14:59:06 Asia/Tokyo] debug：>>>>>>>>>>>>>>>>>>>>>>>>>>>>>>>>>>>>>>>>>>>>>>>> 画面表示処理開始
[23-Jan-2021 14:59:06 Asia/Tokyo] debug：session ID：as34d5e843f8frr728firddhkg
[23-Jan-2021 14:59:06 Asia/Tokyo] debug：session variable：Array
(
    [login_date] => 1611381532
    [login_limit] => 2592000
    [user_id] => 91
    [msg_success] => 
)

[23-Jan-2021 14:59:06 Asia/Tokyo] debug：現在日時タイムスタンプ：1611381546
[23-Jan-2021 14:59:06 Asia/Tokyo] debug：ログイン期限日時タイムスタンプ：1613973532
[23-Jan-2021 14:59:06 Asia/Tokyo] debug：===========================
[23-Jan-2021 14:59:06 Asia/Tokyo] debug：start auth function
[23-Jan-2021 14:59:06 Asia/Tokyo] debug：===========================
[23-Jan-2021 14:59:06 Asia/Tokyo] debug：ログイン済みユーザーです。
[23-Jan-2021 14:59:06 Asia/Tokyo] debug：ログイン有効期限以内です。
[23-Jan-2021 14:59:06 Asia/Tokyo] debug：===========================
[23-Jan-2021 14:59:06 Asia/Tokyo] debug：end auth function
[23-Jan-2021 14:59:06 Asia/Tokyo] debug：===========================
[23-Jan-2021 14:59:06 Asia/Tokyo] PHP Notice:  Undefined index: profileChenge in /Applications/MAMP/htdocs/GitHub/portfolio/goodbook/mypage.php on line 18
[23-Jan-2021 14:59:06 Asia/Tokyo] PHP Notice:  Undefined variable: u_id in /Applications/MAMP/htdocs/GitHub/portfolio/goodbook/mypage.php on line 28
[23-Jan-2021 14:59:06 Asia/Tokyo] debug：===========================
[23-Jan-2021 14:59:06 Asia/Tokyo] debug：start get img function
[23-Jan-2021 14:59:06 Asia/Tokyo] debug：===========================
[23-Jan-2021 14:59:06 Asia/Tokyo] debug：Img情報を取得します。
[23-Jan-2021 14:59:06 Asia/Tokyo] debug：ユーザーID：
[23-Jan-2021 14:59:06 Asia/Tokyo] debug：クエリ成功。
[23-Jan-2021 14:59:06 Asia/Tokyo] debug：uploadIconImgが押されました
[23-Jan-2021 14:59:06 Asia/Tokyo] debug：FILE情報：Array
(
    [profpic] => Array
        (
            [name] => nhk2.jpg
            [type] => image/jpeg
            [tmp_name] => /Applications/MAMP/tmp/php/phpWH0Yt0
            [error] => 0
            [size] => 355315
        )

)

[23-Jan-2021 14:59:06 Asia/Tokyo] debug：===========================
[23-Jan-2021 14:59:06 Asia/Tokyo] debug：start upload img function
[23-Jan-2021 14:59:06 Asia/Tokyo] debug：===========================
[23-Jan-2021 14:59:06 Asia/Tokyo] debug：FILE情報：Array
(
    [name] => nhk2.jpg
    [type] => image/jpeg
    [tmp_name] => /Applications/MAMP/tmp/php/phpWH0Yt0
    [error] => 0
    [size] => 355315
)

[23-Jan-2021 14:59:06 Asia/Tokyo] debug：ファイルは正常にアップロードされました
[23-Jan-2021 14:59:06 Asia/Tokyo] debug：ファイルパス：uploads/5997d2c0c301d087561cee1e0b0df08775857bdd.jpeg
[23-Jan-2021 14:59:06 Asia/Tokyo] PHP Notice:  Undefined index: uploadBackgroundImg in /Applications/MAMP/htdocs/GitHub/portfolio/goodbook/mypage.php on line 40
[23-Jan-2021 14:59:06 Asia/Tokyo] debug：バリデーションOKです。
[23-Jan-2021 14:59:06 Asia/Tokyo] PHP Notice:  Undefined variable: backgroundimg in /Applications/MAMP/htdocs/GitHub/portfolio/goodbook/mypage.php on line 52
[23-Jan-2021 14:59:06 Asia/Tokyo] debug：===========================
[23-Jan-2021 14:59:06 Asia/Tokyo] debug：start save img to db function
[23-Jan-2021 14:59:06 Asia/Tokyo] debug：===========================
[23-Jan-2021 14:59:06 Asia/Tokyo] debug：save img to db
[23-Jan-2021 14:59:06 Asia/Tokyo] PHP Notice:  Undefined index: uploadBackgroundImg in /Applications/MAMP/htdocs/Github/portfolio/goodbook/function.php on line 1323
[23-Jan-2021 14:59:06 Asia/Tokyo] debug：SQL：UPDATE users SET profpic = :profpic WHERE id = :u_id
[23-Jan-2021 14:59:06 Asia/Tokyo] debug：流し込みデータ：Array
(
    [:profpic] => uploads/5997d2c0c301d087561cee1e0b0df08775857bdd.jpeg
    [:u_id] => 91
)

[23-Jan-2021 14:59:06 Asia/Tokyo] debug：クエリ成功。
[23-Jan-2021 14:59:06 Asia/Tokyo] debug：マイページへ遷移します。
[23-Jan-2021 14:59:06 Asia/Tokyo] debug：===========================
[23-Jan-2021 14:59:06 Asia/Tokyo] debug：end save img to db function
[23-Jan-2021 14:59:06 Asia/Tokyo] debug：===========================
[23-Jan-2021 14:59:06 Asia/Tokyo] debug：===========================
[23-Jan-2021 14:59:06 Asia/Tokyo] debug：start getuser function
[23-Jan-2021 14:59:06 Asia/Tokyo] debug：===========================
[23-Jan-2021 14:59:06 Asia/Tokyo] debug：ユーザー情報を取得します。
[23-Jan-2021 14:59:06 Asia/Tokyo] debug：クエリ成功。
[23-Jan-2021 14:59:06 Asia/Tokyo] debug：===========================
[23-Jan-2021 14:59:06 Asia/Tokyo] debug：success getuser function
[23-Jan-2021 14:59:06 Asia/Tokyo] debug：===========================
[23-Jan-2021 14:59:06 Asia/Tokyo] debug：取得したユーザー情報：Array
(
    [id] => 91
    [username] => okawa
    [age] => 21
    [tel] => 0900000000
    [zip] => 1234567
    [addr] => 1234556
    [email] => siodeitadaku@gmail.com
    [pass] => $2y$10$i4XOEMLpgPa6cASsKikC6.0aqS/bSt8foW3dN5eyURRTVvsC8pw3S
    [profpic] => uploads/5997d2c0c301d087561cee1e0b0df08775857bdd.jpeg
    [backgroundimg] => uploads/3434b05e6caed2409a2db81a6d081b9d8a6401ea.jpeg
    [login_time] => 2021-01-21 18:24:07
    [delete_flg] => 0
    [create_date] => 2021-01-21 18:24:07
    [update_date] => 2021-01-21 18:24:07
)

[23-Jan-2021 14:59:06 Asia/Tokyo] debug：画面表示処理終了 <<<<<<<<<<<<<<<<<<<<<<<<<<<<<<<<<<<<<<<<<<<<<<<<
[23-Jan-2021 14:59:06 Asia/Tokyo] PHP Notice:  Undefined variable: edit_flg in /Applications/MAMP/htdocs/GitHub/portfolio/goodbook/mypage.php on line 340
[23-Jan-2021 14:59:06 Asia/Tokyo] PHP Notice:  Undefined variable: edit_flg in /Applications/MAMP/htdocs/GitHub/portfolio/goodbook/mypage.php on line 380
[23-Jan-2021 14:59:06 Asia/Tokyo] debug：「「「「「「「「「「「「「「「「「「「「「「「「「「「「「「「「「「「「「「「「
[23-Jan-2021 14:59:06 Asia/Tokyo] debug：「 my page　
[23-Jan-2021 14:59:06 Asia/Tokyo] debug：「「「「「「「「「「「「「「「「「「「「「「「「「「「「「「「「「「「「「「「「
[23-Jan-2021 14:59:06 Asia/Tokyo] debug：>>>>>>>>>>>>>>>>>>>>>>>>>>>>>>>>>>>>>>>>>>>>>>>> 画面表示処理開始
[23-Jan-2021 14:59:06 Asia/Tokyo] debug：session ID：o44spb908ef782rrno8n5lcclh
[23-Jan-2021 14:59:06 Asia/Tokyo] debug：session variable：Array
(
    [login_date] => 1611381546
    [login_limit] => 2592000
    [user_id] => 91
    [msg_success] => 
)

[23-Jan-2021 14:59:06 Asia/Tokyo] debug：現在日時タイムスタンプ：1611381546
[23-Jan-2021 14:59:06 Asia/Tokyo] debug：ログイン期限日時タイムスタンプ：1613973546
[23-Jan-2021 14:59:06 Asia/Tokyo] debug：===========================
[23-Jan-2021 14:59:06 Asia/Tokyo] debug：start auth function
[23-Jan-2021 14:59:06 Asia/Tokyo] debug：===========================
[23-Jan-2021 14:59:06 Asia/Tokyo] debug：ログイン済みユーザーです。
[23-Jan-2021 14:59:06 Asia/Tokyo] debug：ログイン有効期限以内です。
[23-Jan-2021 14:59:06 Asia/Tokyo] debug：===========================
[23-Jan-2021 14:59:06 Asia/Tokyo] debug：end auth function
[23-Jan-2021 14:59:06 Asia/Tokyo] debug：===========================
[23-Jan-2021 14:59:06 Asia/Tokyo] PHP Notice:  Undefined index: profileChenge in /Applications/MAMP/htdocs/GitHub/portfolio/goodbook/mypage.php on line 18
[23-Jan-2021 14:59:06 Asia/Tokyo] PHP Notice:  Undefined variable: u_id in /Applications/MAMP/htdocs/GitHub/portfolio/goodbook/mypage.php on line 28
[23-Jan-2021 14:59:06 Asia/Tokyo] debug：===========================
[23-Jan-2021 14:59:06 Asia/Tokyo] debug：start get img function
[23-Jan-2021 14:59:06 Asia/Tokyo] debug：===========================
[23-Jan-2021 14:59:06 Asia/Tokyo] debug：Img情報を取得します。
[23-Jan-2021 14:59:06 Asia/Tokyo] debug：ユーザーID：
[23-Jan-2021 14:59:06 Asia/Tokyo] debug：クエリ成功。
[23-Jan-2021 14:59:06 Asia/Tokyo] PHP Notice:  Undefined index: uploadIconImg in /Applications/MAMP/htdocs/GitHub/portfolio/goodbook/mypage.php on line 30
[23-Jan-2021 14:59:06 Asia/Tokyo] PHP Notice:  Undefined index: uploadBackgroundImg in /Applications/MAMP/htdocs/GitHub/portfolio/goodbook/mypage.php on line 40
[23-Jan-2021 14:59:06 Asia/Tokyo] debug：バリデーションOKです。
[23-Jan-2021 14:59:06 Asia/Tokyo] PHP Notice:  Undefined variable: profpic in /Applications/MAMP/htdocs/GitHub/portfolio/goodbook/mypage.php on line 52
[23-Jan-2021 14:59:06 Asia/Tokyo] PHP Notice:  Undefined variable: backgroundimg in /Applications/MAMP/htdocs/GitHub/portfolio/goodbook/mypage.php on line 52
[23-Jan-2021 14:59:06 Asia/Tokyo] debug：===========================
[23-Jan-2021 14:59:06 Asia/Tokyo] debug：start save img to db function
[23-Jan-2021 14:59:06 Asia/Tokyo] debug：===========================
[23-Jan-2021 14:59:06 Asia/Tokyo] debug：save img to db
[23-Jan-2021 14:59:06 Asia/Tokyo] PHP Notice:  Undefined index: uploadBackgroundImg in /Applications/MAMP/htdocs/Github/portfolio/goodbook/function.php on line 1323
[23-Jan-2021 14:59:06 Asia/Tokyo] PHP Notice:  Undefined index: uploadIconImg in /Applications/MAMP/htdocs/Github/portfolio/goodbook/function.php on line 1326
[23-Jan-2021 14:59:06 Asia/Tokyo] PHP Notice:  Undefined variable: sql in /Applications/MAMP/htdocs/Github/portfolio/goodbook/function.php on line 1330
[23-Jan-2021 14:59:06 Asia/Tokyo] debug：SQL：
[23-Jan-2021 14:59:06 Asia/Tokyo] PHP Notice:  Undefined variable: data in /Applications/MAMP/htdocs/Github/portfolio/goodbook/function.php on line 1331
[23-Jan-2021 14:59:06 Asia/Tokyo] debug：流し込みデータ：
[23-Jan-2021 14:59:06 Asia/Tokyo] PHP Notice:  Undefined variable: sql in /Applications/MAMP/htdocs/Github/portfolio/goodbook/function.php on line 1333
[23-Jan-2021 14:59:06 Asia/Tokyo] PHP Notice:  Undefined variable: data in /Applications/MAMP/htdocs/Github/portfolio/goodbook/function.php on line 1333
[23-Jan-2021 14:59:06 Asia/Tokyo] エラー発生:SQLSTATE[42000]: Syntax error or access violation: 1065 Query was empty
[23-Jan-2021 14:59:06 Asia/Tokyo] debug：===========================
[23-Jan-2021 14:59:06 Asia/Tokyo] debug：end save img to db function
[23-Jan-2021 14:59:06 Asia/Tokyo] debug：===========================
[23-Jan-2021 14:59:06 Asia/Tokyo] debug：===========================
[23-Jan-2021 14:59:06 Asia/Tokyo] debug：start getuser function
[23-Jan-2021 14:59:06 Asia/Tokyo] debug：===========================
[23-Jan-2021 14:59:06 Asia/Tokyo] debug：ユーザー情報を取得します。
[23-Jan-2021 14:59:06 Asia/Tokyo] debug：クエリ成功。
[23-Jan-2021 14:59:06 Asia/Tokyo] debug：===========================
[23-Jan-2021 14:59:06 Asia/Tokyo] debug：success getuser function
[23-Jan-2021 14:59:06 Asia/Tokyo] debug：===========================
[23-Jan-2021 14:59:06 Asia/Tokyo] debug：取得したユーザー情報：Array
(
    [id] => 91
    [username] => okawa
    [age] => 21
    [tel] => 0900000000
    [zip] => 1234567
    [addr] => 1234556
    [email] => siodeitadaku@gmail.com
    [pass] => $2y$10$i4XOEMLpgPa6cASsKikC6.0aqS/bSt8foW3dN5eyURRTVvsC8pw3S
    [profpic] => uploads/5997d2c0c301d087561cee1e0b0df08775857bdd.jpeg
    [backgroundimg] => uploads/3434b05e6caed2409a2db81a6d081b9d8a6401ea.jpeg
    [login_time] => 2021-01-21 18:24:07
    [delete_flg] => 0
    [create_date] => 2021-01-21 18:24:07
    [update_date] => 2021-01-21 18:24:07
)

[23-Jan-2021 14:59:06 Asia/Tokyo] debug：画面表示処理終了 <<<<<<<<<<<<<<<<<<<<<<<<<<<<<<<<<<<<<<<<<<<<<<<<
[23-Jan-2021 14:59:06 Asia/Tokyo] PHP Notice:  Undefined variable: edit_flg in /Applications/MAMP/htdocs/GitHub/portfolio/goodbook/mypage.php on line 340
[23-Jan-2021 14:59:06 Asia/Tokyo] PHP Notice:  Undefined variable: edit_flg in /Applications/MAMP/htdocs/GitHub/portfolio/goodbook/mypage.php on line 380
[23-Jan-2021 14:59:35 Asia/Tokyo] debug：「「「「「「「「「「「「「「「「「「「「「「「「「「「「「「「「「「「「「「「「
[23-Jan-2021 14:59:35 Asia/Tokyo] debug：「　home page　
[23-Jan-2021 14:59:35 Asia/Tokyo] debug：「「「「「「「「「「「「「「「「「「「「「「「「「「「「「「「「「「「「「「「「
[23-Jan-2021 14:59:35 Asia/Tokyo] debug：>>>>>>>>>>>>>>>>>>>>>>>>>>>>>>>>>>>>>>>>>>>>>>>> 画面表示処理開始
[23-Jan-2021 14:59:35 Asia/Tokyo] debug：session ID：q4lc0ni2qf2j7go6im12nn3ls4
[23-Jan-2021 14:59:35 Asia/Tokyo] debug：session variable：Array
(
    [login_date] => 1611381546
    [login_limit] => 2592000
    [user_id] => 91
    [msg_success] => 
)

[23-Jan-2021 14:59:35 Asia/Tokyo] debug：現在日時タイムスタンプ：1611381575
[23-Jan-2021 14:59:35 Asia/Tokyo] debug：ログイン期限日時タイムスタンプ：1613973546
[23-Jan-2021 14:59:35 Asia/Tokyo] debug：===========================
[23-Jan-2021 14:59:35 Asia/Tokyo] debug：start auth function
[23-Jan-2021 14:59:35 Asia/Tokyo] debug：===========================
[23-Jan-2021 14:59:35 Asia/Tokyo] debug：ログイン済みユーザーです。
[23-Jan-2021 14:59:35 Asia/Tokyo] debug：ログイン有効期限以内です。
[23-Jan-2021 14:59:35 Asia/Tokyo] debug：===========================
[23-Jan-2021 14:59:35 Asia/Tokyo] debug：end auth function
[23-Jan-2021 14:59:35 Asia/Tokyo] debug：===========================
[23-Jan-2021 14:59:35 Asia/Tokyo] debug：===========================
[23-Jan-2021 14:59:35 Asia/Tokyo] debug：start getuser function
[23-Jan-2021 14:59:35 Asia/Tokyo] debug：===========================
[23-Jan-2021 14:59:35 Asia/Tokyo] debug：ユーザー情報を取得します。
[23-Jan-2021 14:59:35 Asia/Tokyo] debug：クエリ成功。
[23-Jan-2021 14:59:35 Asia/Tokyo] debug：===========================
[23-Jan-2021 14:59:35 Asia/Tokyo] debug：success getuser function
[23-Jan-2021 14:59:35 Asia/Tokyo] debug：===========================
[23-Jan-2021 14:59:35 Asia/Tokyo] debug：取得したユーザー情報：Array
(
    [id] => 91
    [username] => okawa
    [age] => 21
    [tel] => 0900000000
    [zip] => 1234567
    [addr] => 1234556
    [email] => siodeitadaku@gmail.com
    [pass] => $2y$10$i4XOEMLpgPa6cASsKikC6.0aqS/bSt8foW3dN5eyURRTVvsC8pw3S
    [profpic] => uploads/5997d2c0c301d087561cee1e0b0df08775857bdd.jpeg
    [backgroundimg] => uploads/3434b05e6caed2409a2db81a6d081b9d8a6401ea.jpeg
    [login_time] => 2021-01-21 18:24:07
    [delete_flg] => 0
    [create_date] => 2021-01-21 18:24:07
    [update_date] => 2021-01-21 18:24:07
)

[23-Jan-2021 14:59:35 Asia/Tokyo] debug：カテゴリー情報を取得します。
[23-Jan-2021 14:59:35 Asia/Tokyo] debug：クエリ成功。
[23-Jan-2021 14:59:35 Asia/Tokyo] debug：postID：
[23-Jan-2021 14:59:35 Asia/Tokyo] debug：フォーム用DBデータ：
[23-Jan-2021 14:59:35 Asia/Tokyo] debug：post data：Array
(
    [0] => Array
        (
            [id] => 70
            [comment] => kkk
            [pic1] => uploads/b3c3f1a24af9f4acf04cee68d87d468a7f075091.jpeg
            [user_id] => 90
            [delete_flg] => 0
            [create_date] => 2021-01-21 18:20:50
            [update_date] => 2021-01-21 18:20:50
        )

    [1] => Array
        (
            [id] => 71
            [comment] => lkfjl;askdfj
            [pic1] => uploads/bcbe1af090d9a7e86cafd95d7cf1b8c0fbfd873a.jpeg
            [user_id] => 91
            [delete_flg] => 0
            [create_date] => 2021-01-22 21:23:42
            [update_date] => 2021-01-22 21:23:42
        )

    [2] => Array
        (
            [id] => 72
            [comment] => lkfajsd;
            [pic1] => uploads/a327e34a53630bb37aaa68443dc3bd12277aeb33.jpeg
            [user_id] => 91
            [delete_flg] => 0
            [create_date] => 2021-01-22 21:41:12
            [update_date] => 2021-01-22 21:41:12
        )

    [3] => Array
        (
            [id] => 73
            [comment] => jhyjhjk
            [pic1] => uploads/244dbed7a627d8a7e3658c64ac8d201e78cd371c.jpeg
            [user_id] => 91
            [delete_flg] => 0
            [create_date] => 2021-01-23 11:24:11
            [update_date] => 2021-01-23 11:24:11
        )

)

[23-Jan-2021 14:59:35 Asia/Tokyo] PHP Notice:  Undefined variable: listSpan in /Applications/MAMP/htdocs/GitHub/portfolio/goodbook/homepage.php on line 84
[23-Jan-2021 14:59:35 Asia/Tokyo] debug：===========================
[23-Jan-2021 14:59:35 Asia/Tokyo] debug：start get post list function
[23-Jan-2021 14:59:35 Asia/Tokyo] debug：===========================
[23-Jan-2021 14:59:35 Asia/Tokyo] debug：商品情報を取得します。
[23-Jan-2021 14:59:35 Asia/Tokyo] debug：クエリ成功。
[23-Jan-2021 14:59:35 Asia/Tokyo] debug：SQL：SELECT * FROM post LIMIT 20 OFFSET 0
[23-Jan-2021 14:59:35 Asia/Tokyo] debug：クエリ成功。
[23-Jan-2021 14:59:35 Asia/Tokyo] debug：現在のページ：1
[23-Jan-2021 14:59:35 Asia/Tokyo] debug：===========================
[23-Jan-2021 14:59:35 Asia/Tokyo] debug：start getuser function
[23-Jan-2021 14:59:35 Asia/Tokyo] debug：===========================
[23-Jan-2021 14:59:35 Asia/Tokyo] debug：ユーザー情報を取得します。
[23-Jan-2021 14:59:35 Asia/Tokyo] debug：クエリ成功。
[23-Jan-2021 14:59:35 Asia/Tokyo] debug：===========================
[23-Jan-2021 14:59:35 Asia/Tokyo] debug：success getuser function
[23-Jan-2021 14:59:35 Asia/Tokyo] debug：===========================
[23-Jan-2021 14:59:35 Asia/Tokyo] debug：取得したユーザー情報：Array
(
    [id] => 91
    [username] => okawa
    [age] => 21
    [tel] => 0900000000
    [zip] => 1234567
    [addr] => 1234556
    [email] => siodeitadaku@gmail.com
    [pass] => $2y$10$i4XOEMLpgPa6cASsKikC6.0aqS/bSt8foW3dN5eyURRTVvsC8pw3S
    [profpic] => uploads/5997d2c0c301d087561cee1e0b0df08775857bdd.jpeg
    [backgroundimg] => uploads/3434b05e6caed2409a2db81a6d081b9d8a6401ea.jpeg
    [login_time] => 2021-01-21 18:24:07
    [delete_flg] => 0
    [create_date] => 2021-01-21 18:24:07
    [update_date] => 2021-01-21 18:24:07
)

[23-Jan-2021 14:59:35 Asia/Tokyo] debug：画面表示処理終了 <<<<<<<<<<<<<<<<<<<<<<<<<<<<<<<<<<<<<<<<<<<<<<<<
[23-Jan-2021 14:59:35 Asia/Tokyo] PHP Notice:  Undefined index: comment in /Applications/MAMP/htdocs/Github/portfolio/goodbook/function.php on line 946
[23-Jan-2021 14:59:35 Asia/Tokyo] PHP Notice:  Undefined index: pic1 in /Applications/MAMP/htdocs/Github/portfolio/goodbook/function.php on line 946
[23-Jan-2021 14:59:35 Asia/Tokyo] PHP Notice:  Undefined index: pic1 in /Applications/MAMP/htdocs/Github/portfolio/goodbook/function.php on line 946
[23-Jan-2021 14:59:41 Asia/Tokyo] debug：「「「「「「「「「「「「「「「「「「「「「「「「「「「「「「「「「「「「「「「「
[23-Jan-2021 14:59:41 Asia/Tokyo] debug：「 my page　
[23-Jan-2021 14:59:41 Asia/Tokyo] debug：「「「「「「「「「「「「「「「「「「「「「「「「「「「「「「「「「「「「「「「「
[23-Jan-2021 14:59:41 Asia/Tokyo] debug：>>>>>>>>>>>>>>>>>>>>>>>>>>>>>>>>>>>>>>>>>>>>>>>> 画面表示処理開始
[23-Jan-2021 14:59:41 Asia/Tokyo] debug：session ID：df3k1njpen68fk8me8fman019f
[23-Jan-2021 14:59:41 Asia/Tokyo] debug：session variable：Array
(
    [login_date] => 1611381575
    [login_limit] => 2592000
    [user_id] => 91
    [msg_success] => 
)

[23-Jan-2021 14:59:41 Asia/Tokyo] debug：現在日時タイムスタンプ：1611381581
[23-Jan-2021 14:59:41 Asia/Tokyo] debug：ログイン期限日時タイムスタンプ：1613973575
[23-Jan-2021 14:59:41 Asia/Tokyo] debug：===========================
[23-Jan-2021 14:59:41 Asia/Tokyo] debug：start auth function
[23-Jan-2021 14:59:41 Asia/Tokyo] debug：===========================
[23-Jan-2021 14:59:41 Asia/Tokyo] debug：ログイン済みユーザーです。
[23-Jan-2021 14:59:41 Asia/Tokyo] debug：ログイン有効期限以内です。
[23-Jan-2021 14:59:41 Asia/Tokyo] debug：===========================
[23-Jan-2021 14:59:41 Asia/Tokyo] debug：end auth function
[23-Jan-2021 14:59:41 Asia/Tokyo] debug：===========================
[23-Jan-2021 14:59:41 Asia/Tokyo] PHP Notice:  Undefined index: profileChenge in /Applications/MAMP/htdocs/GitHub/portfolio/goodbook/mypage.php on line 18
[23-Jan-2021 14:59:41 Asia/Tokyo] PHP Notice:  Undefined variable: u_id in /Applications/MAMP/htdocs/GitHub/portfolio/goodbook/mypage.php on line 28
[23-Jan-2021 14:59:41 Asia/Tokyo] debug：===========================
[23-Jan-2021 14:59:41 Asia/Tokyo] debug：start get img function
[23-Jan-2021 14:59:41 Asia/Tokyo] debug：===========================
[23-Jan-2021 14:59:41 Asia/Tokyo] debug：Img情報を取得します。
[23-Jan-2021 14:59:41 Asia/Tokyo] debug：ユーザーID：
[23-Jan-2021 14:59:41 Asia/Tokyo] debug：クエリ成功。
[23-Jan-2021 14:59:41 Asia/Tokyo] PHP Notice:  Undefined index: uploadIconImg in /Applications/MAMP/htdocs/GitHub/portfolio/goodbook/mypage.php on line 30
[23-Jan-2021 14:59:41 Asia/Tokyo] PHP Notice:  Undefined index: uploadBackgroundImg in /Applications/MAMP/htdocs/GitHub/portfolio/goodbook/mypage.php on line 40
[23-Jan-2021 14:59:41 Asia/Tokyo] debug：バリデーションOKです。
[23-Jan-2021 14:59:41 Asia/Tokyo] PHP Notice:  Undefined variable: profpic in /Applications/MAMP/htdocs/GitHub/portfolio/goodbook/mypage.php on line 52
[23-Jan-2021 14:59:41 Asia/Tokyo] PHP Notice:  Undefined variable: backgroundimg in /Applications/MAMP/htdocs/GitHub/portfolio/goodbook/mypage.php on line 52
[23-Jan-2021 14:59:41 Asia/Tokyo] debug：===========================
[23-Jan-2021 14:59:41 Asia/Tokyo] debug：start save img to db function
[23-Jan-2021 14:59:41 Asia/Tokyo] debug：===========================
[23-Jan-2021 14:59:41 Asia/Tokyo] debug：save img to db
[23-Jan-2021 14:59:41 Asia/Tokyo] PHP Notice:  Undefined index: uploadBackgroundImg in /Applications/MAMP/htdocs/Github/portfolio/goodbook/function.php on line 1323
[23-Jan-2021 14:59:41 Asia/Tokyo] PHP Notice:  Undefined index: uploadIconImg in /Applications/MAMP/htdocs/Github/portfolio/goodbook/function.php on line 1326
[23-Jan-2021 14:59:41 Asia/Tokyo] PHP Notice:  Undefined variable: sql in /Applications/MAMP/htdocs/Github/portfolio/goodbook/function.php on line 1330
[23-Jan-2021 14:59:41 Asia/Tokyo] debug：SQL：
[23-Jan-2021 14:59:41 Asia/Tokyo] PHP Notice:  Undefined variable: data in /Applications/MAMP/htdocs/Github/portfolio/goodbook/function.php on line 1331
[23-Jan-2021 14:59:41 Asia/Tokyo] debug：流し込みデータ：
[23-Jan-2021 14:59:41 Asia/Tokyo] PHP Notice:  Undefined variable: sql in /Applications/MAMP/htdocs/Github/portfolio/goodbook/function.php on line 1333
[23-Jan-2021 14:59:41 Asia/Tokyo] PHP Notice:  Undefined variable: data in /Applications/MAMP/htdocs/Github/portfolio/goodbook/function.php on line 1333
[23-Jan-2021 14:59:41 Asia/Tokyo] エラー発生:SQLSTATE[42000]: Syntax error or access violation: 1065 Query was empty
[23-Jan-2021 14:59:41 Asia/Tokyo] debug：===========================
[23-Jan-2021 14:59:41 Asia/Tokyo] debug：end save img to db function
[23-Jan-2021 14:59:41 Asia/Tokyo] debug：===========================
[23-Jan-2021 14:59:41 Asia/Tokyo] debug：===========================
[23-Jan-2021 14:59:41 Asia/Tokyo] debug：start getuser function
[23-Jan-2021 14:59:41 Asia/Tokyo] debug：===========================
[23-Jan-2021 14:59:41 Asia/Tokyo] debug：ユーザー情報を取得します。
[23-Jan-2021 14:59:41 Asia/Tokyo] debug：クエリ成功。
[23-Jan-2021 14:59:41 Asia/Tokyo] debug：===========================
[23-Jan-2021 14:59:41 Asia/Tokyo] debug：success getuser function
[23-Jan-2021 14:59:41 Asia/Tokyo] debug：===========================
[23-Jan-2021 14:59:41 Asia/Tokyo] debug：取得したユーザー情報：Array
(
    [id] => 91
    [username] => okawa
    [age] => 21
    [tel] => 0900000000
    [zip] => 1234567
    [addr] => 1234556
    [email] => siodeitadaku@gmail.com
    [pass] => $2y$10$i4XOEMLpgPa6cASsKikC6.0aqS/bSt8foW3dN5eyURRTVvsC8pw3S
    [profpic] => uploads/5997d2c0c301d087561cee1e0b0df08775857bdd.jpeg
    [backgroundimg] => uploads/3434b05e6caed2409a2db81a6d081b9d8a6401ea.jpeg
    [login_time] => 2021-01-21 18:24:07
    [delete_flg] => 0
    [create_date] => 2021-01-21 18:24:07
    [update_date] => 2021-01-21 18:24:07
)

[23-Jan-2021 14:59:41 Asia/Tokyo] debug：画面表示処理終了 <<<<<<<<<<<<<<<<<<<<<<<<<<<<<<<<<<<<<<<<<<<<<<<<
[23-Jan-2021 14:59:41 Asia/Tokyo] PHP Notice:  Undefined variable: edit_flg in /Applications/MAMP/htdocs/GitHub/portfolio/goodbook/mypage.php on line 340
[23-Jan-2021 14:59:41 Asia/Tokyo] PHP Notice:  Undefined variable: edit_flg in /Applications/MAMP/htdocs/GitHub/portfolio/goodbook/mypage.php on line 380
[23-Jan-2021 15:49:01 Asia/Tokyo] debug：「「「「「「「「「「「「「「「「「「「「「「「「「「「「「「「「「「「「「「「「
[23-Jan-2021 15:49:01 Asia/Tokyo] debug：「　home page　
[23-Jan-2021 15:49:01 Asia/Tokyo] debug：「「「「「「「「「「「「「「「「「「「「「「「「「「「「「「「「「「「「「「「「
[23-Jan-2021 15:49:01 Asia/Tokyo] debug：>>>>>>>>>>>>>>>>>>>>>>>>>>>>>>>>>>>>>>>>>>>>>>>> 画面表示処理開始
[23-Jan-2021 15:49:01 Asia/Tokyo] debug：session ID：kqomei98qdt2eoete6rcu7go5g
[23-Jan-2021 15:49:01 Asia/Tokyo] debug：session variable：Array
(
    [login_date] => 1611381581
    [login_limit] => 2592000
    [user_id] => 91
    [msg_success] => 
)

[23-Jan-2021 15:49:01 Asia/Tokyo] debug：現在日時タイムスタンプ：1611384541
[23-Jan-2021 15:49:01 Asia/Tokyo] debug：ログイン期限日時タイムスタンプ：1613973581
[23-Jan-2021 15:49:01 Asia/Tokyo] debug：===========================
[23-Jan-2021 15:49:01 Asia/Tokyo] debug：start auth function
[23-Jan-2021 15:49:01 Asia/Tokyo] debug：===========================
[23-Jan-2021 15:49:01 Asia/Tokyo] debug：ログイン済みユーザーです。
[23-Jan-2021 15:49:01 Asia/Tokyo] debug：ログイン有効期限以内です。
[23-Jan-2021 15:49:01 Asia/Tokyo] debug：===========================
[23-Jan-2021 15:49:01 Asia/Tokyo] debug：end auth function
[23-Jan-2021 15:49:01 Asia/Tokyo] debug：===========================
[23-Jan-2021 15:49:01 Asia/Tokyo] debug：===========================
[23-Jan-2021 15:49:01 Asia/Tokyo] debug：start getuser function
[23-Jan-2021 15:49:01 Asia/Tokyo] debug：===========================
[23-Jan-2021 15:49:01 Asia/Tokyo] debug：ユーザー情報を取得します。
[23-Jan-2021 15:49:02 Asia/Tokyo] debug：クエリ成功。
[23-Jan-2021 15:49:02 Asia/Tokyo] debug：===========================
[23-Jan-2021 15:49:02 Asia/Tokyo] debug：success getuser function
[23-Jan-2021 15:49:02 Asia/Tokyo] debug：===========================
[23-Jan-2021 15:49:02 Asia/Tokyo] debug：取得したユーザー情報：Array
(
    [id] => 91
    [username] => okawa
    [age] => 21
    [tel] => 0900000000
    [zip] => 1234567
    [addr] => 1234556
    [email] => siodeitadaku@gmail.com
    [pass] => $2y$10$i4XOEMLpgPa6cASsKikC6.0aqS/bSt8foW3dN5eyURRTVvsC8pw3S
    [profpic] => uploads/5997d2c0c301d087561cee1e0b0df08775857bdd.jpeg
    [backgroundimg] => uploads/3434b05e6caed2409a2db81a6d081b9d8a6401ea.jpeg
    [login_time] => 2021-01-21 18:24:07
    [delete_flg] => 0
    [create_date] => 2021-01-21 18:24:07
    [update_date] => 2021-01-21 18:24:07
)

[23-Jan-2021 15:49:02 Asia/Tokyo] debug：カテゴリー情報を取得します。
[23-Jan-2021 15:49:02 Asia/Tokyo] debug：クエリ成功。
[23-Jan-2021 15:49:02 Asia/Tokyo] debug：postID：
[23-Jan-2021 15:49:02 Asia/Tokyo] debug：フォーム用DBデータ：
[23-Jan-2021 15:49:02 Asia/Tokyo] debug：post data：Array
(
    [0] => Array
        (
            [id] => 70
            [comment] => kkk
            [pic1] => uploads/b3c3f1a24af9f4acf04cee68d87d468a7f075091.jpeg
            [user_id] => 90
            [delete_flg] => 0
            [create_date] => 2021-01-21 18:20:50
            [update_date] => 2021-01-21 18:20:50
        )

    [1] => Array
        (
            [id] => 71
            [comment] => lkfjl;askdfj
            [pic1] => uploads/bcbe1af090d9a7e86cafd95d7cf1b8c0fbfd873a.jpeg
            [user_id] => 91
            [delete_flg] => 0
            [create_date] => 2021-01-22 21:23:42
            [update_date] => 2021-01-22 21:23:42
        )

    [2] => Array
        (
            [id] => 72
            [comment] => lkfajsd;
            [pic1] => uploads/a327e34a53630bb37aaa68443dc3bd12277aeb33.jpeg
            [user_id] => 91
            [delete_flg] => 0
            [create_date] => 2021-01-22 21:41:12
            [update_date] => 2021-01-22 21:41:12
        )

    [3] => Array
        (
            [id] => 73
            [comment] => jhyjhjk
            [pic1] => uploads/244dbed7a627d8a7e3658c64ac8d201e78cd371c.jpeg
            [user_id] => 91
            [delete_flg] => 0
            [create_date] => 2021-01-23 11:24:11
            [update_date] => 2021-01-23 11:24:11
        )

)

[23-Jan-2021 15:49:02 Asia/Tokyo] PHP Notice:  Undefined variable: listSpan in /Applications/MAMP/htdocs/GitHub/portfolio/goodbook/homepage.php on line 84
[23-Jan-2021 15:49:02 Asia/Tokyo] debug：===========================
[23-Jan-2021 15:49:02 Asia/Tokyo] debug：start get post list function
[23-Jan-2021 15:49:02 Asia/Tokyo] debug：===========================
[23-Jan-2021 15:49:02 Asia/Tokyo] debug：商品情報を取得します。
[23-Jan-2021 15:49:02 Asia/Tokyo] debug：クエリ成功。
[23-Jan-2021 15:49:02 Asia/Tokyo] debug：SQL：SELECT * FROM post LIMIT 20 OFFSET 0
[23-Jan-2021 15:49:02 Asia/Tokyo] debug：クエリ成功。
[23-Jan-2021 15:49:02 Asia/Tokyo] debug：現在のページ：1
[23-Jan-2021 15:49:02 Asia/Tokyo] debug：===========================
[23-Jan-2021 15:49:02 Asia/Tokyo] debug：start getuser function
[23-Jan-2021 15:49:02 Asia/Tokyo] debug：===========================
[23-Jan-2021 15:49:02 Asia/Tokyo] debug：ユーザー情報を取得します。
[23-Jan-2021 15:49:02 Asia/Tokyo] debug：クエリ成功。
[23-Jan-2021 15:49:02 Asia/Tokyo] debug：===========================
[23-Jan-2021 15:49:02 Asia/Tokyo] debug：success getuser function
[23-Jan-2021 15:49:02 Asia/Tokyo] debug：===========================
[23-Jan-2021 15:49:02 Asia/Tokyo] debug：取得したユーザー情報：Array
(
    [id] => 91
    [username] => okawa
    [age] => 21
    [tel] => 0900000000
    [zip] => 1234567
    [addr] => 1234556
    [email] => siodeitadaku@gmail.com
    [pass] => $2y$10$i4XOEMLpgPa6cASsKikC6.0aqS/bSt8foW3dN5eyURRTVvsC8pw3S
    [profpic] => uploads/5997d2c0c301d087561cee1e0b0df08775857bdd.jpeg
    [backgroundimg] => uploads/3434b05e6caed2409a2db81a6d081b9d8a6401ea.jpeg
    [login_time] => 2021-01-21 18:24:07
    [delete_flg] => 0
    [create_date] => 2021-01-21 18:24:07
    [update_date] => 2021-01-21 18:24:07
)

[23-Jan-2021 15:49:02 Asia/Tokyo] debug：画面表示処理終了 <<<<<<<<<<<<<<<<<<<<<<<<<<<<<<<<<<<<<<<<<<<<<<<<
[23-Jan-2021 15:49:02 Asia/Tokyo] PHP Notice:  Undefined index: comment in /Applications/MAMP/htdocs/Github/portfolio/goodbook/function.php on line 946
[23-Jan-2021 15:49:02 Asia/Tokyo] PHP Notice:  Undefined index: pic1 in /Applications/MAMP/htdocs/Github/portfolio/goodbook/function.php on line 946
[23-Jan-2021 15:49:02 Asia/Tokyo] PHP Notice:  Undefined index: pic1 in /Applications/MAMP/htdocs/Github/portfolio/goodbook/function.php on line 946
